<?xml version="1.0" encoding="UTF-8"?>
<!-- Generated by org.testng.reporters.JUnitReportReporter -->
<testsuite name="com.qmetry.qaf.automation.step.client.Scenario" tests="1" time="20.214" ignored="0" failures="0" timestamp="22 Feb 2018 10:54:35 GMT" skipped="0" hostname="ICPL11492" errors="0">
  <testcase name="Flipkart" time="20.214" classname="com.qmetry.qaf.automation.step.client.Scenario"/>
</testsuite> <!-- com.qmetry.qaf.automation.step.client.Scenario -->
